<?xml version="1.0" encoding="UTF-8"?>
<!-- Generated by org.testng.reporters.JUnitReportReporter -->
<testsuite hostname="shalaboka" name="TestCases.Login" tests="2" failures="0" timestamp="21 Nov 2020 19:01:23 GMT" time="15.470" errors="0">
  <testcase name="VerifyLoginTC" time="0.038" classname="TestCases.Login"/>
  <testcase name="LoginTC" time="15.432" classname="TestCases.Login"/>
</testsuite> <!-- TestCases.Login -->
