<?xml version="1.0" encoding="UTF-8"?>
<!-- Generated by org.testng.reporters.JUnitReportReporter -->
<testsuite hostname="shalaboka" name="TestCases.CheckOutForm" tests="1" failures="0" timestamp="21 Nov 2020 19:01:23 GMT" time="0.490" errors="0">
  <testcase name="FormCheckout" time="0.490" classname="TestCases.CheckOutForm"/>
</testsuite> <!-- TestCases.CheckOutForm -->
