<?xml version="1.0" encoding="UTF-8"?>
<!-- Generated by org.testng.reporters.JUnitReportReporter -->
<testsuite hostname="shalaboka" name="TestCases.AddItem" tests="1" failures="0" timestamp="21 Nov 2020 19:01:23 GMT" time="0.267" errors="0">
  <testcase name="addtocart" time="0.267" classname="TestCases.AddItem"/>
</testsuite> <!-- TestCases.AddItem -->
