<?xml version="1.0" encoding="UTF-8"?>
<!-- Generated by org.testng.reporters.JUnitReportReporter -->
<testsuite hostname="shalaboka" name="TestCases.Payment" tests="1" failures="0" timestamp="21 Nov 2020 19:01:23 GMT" time="0.618" errors="0">
  <testcase name="addtocart" time="0.618" classname="TestCases.Payment"/>
</testsuite> <!-- TestCases.Payment -->
