<?xml version="1.0" encoding="UTF-8"?>
<!-- Generated by org.testng.reporters.JUnitReportReporter -->
<testsuite hostname="shalaboka" name="TestCases.Checkout" tests="2" failures="0" timestamp="21 Nov 2020 19:01:23 GMT" time="0.428" errors="0">
  <testcase name="GoToCart" time="0.210" classname="TestCases.Checkout"/>
  <testcase name="CheckOut" time="0.218" classname="TestCases.Checkout"/>
</testsuite> <!-- TestCases.Checkout -->
